node1:4119:4119 [0] NCCL INFO cudaDriverVersion 13000
node1:4119:4119 [0] NCCL INFO NCCL_SOCKET_IFNAME set by environment to eth0
node1:4119:4119 [0] NCCL INFO Bootstrap : Using eth0:172.30.0.11<0>
node1:4119:4119 [0] NCCL INFO NET/Plugin : dlerror=libnccl-net.so: cannot open shared object file: No such file or directory No plugin found (libnccl-net.so), using internal implementation
node1:4119:4137 [0] NCCL INFO NCCL_SOCKET_IFNAME set by environment to eth0
node1:4119:4137 [0] NCCL INFO NCCL_IB_HCA set to rxe0

node1:4119:4137 [0] transport/net_ib.cc:115 NCCL WARN Could not find real path of rxe0 (/sys/class/infiniband/rxe0/device)
node1:4119:4137 [0] NCCL INFO NET/IB : Using [0]rxe0:1/RoCE [RO]; OOB eth0:172.30.0.11<0>
node1:4119:4137 [0] NCCL INFO Using non-device net plugin version 0
node1:4119:4137 [0] NCCL INFO Using network IB
node1:4119:4137 [0] NCCL INFO comm 0x164e9c60 rank 1 nranks 3 cudaDev 0 nvmlDev 0 busId 80 commId 0xa7530d65f76fbd07 - Init START
node1:4119:4137 [0] NCCL INFO comm 0x164e9c60 rank 1 nRanks 3 nNodes 3 localRanks 1 localRank 0 MNNVL 0
node1:4119:4137 [0] NCCL INFO NCCL_MAX_NCHANNELS set by environment to 1.
node1:4119:4137 [0] NCCL INFO Trees [0] -1/-1/-1->1->2
node1:4119:4137 [0] NCCL INFO P2P Chunksize set to 131072
node1:4119:4137 [0] NCCL INFO Channel 00/0 : 0[0] -> 1[0] [receive] via NET/IB/0
node1:4119:4137 [0] NCCL INFO Channel 00/0 : 1[0] -> 2[0] [send] via NET/IB/0
node1:4119:4139 [0] NCCL INFO NCCL_IB_GID_INDEX set by environment to 1.
node1:4119:4137 [0] NCCL INFO Connected all rings
node1:4119:4137 [0] NCCL INFO Channel 00/0 : 2[0] -> 1[0] [receive] via NET/IB/0
node1:4119:4137 [0] NCCL INFO Connected all trees
node1:4119:4137 [0] NCCL INFO NCCL_PROTO set by environment to Simple
node1:4119:4137 [0] NCCL INFO NCCL_ALGO set by environment to Ring
node1:4119:4137 [0] NCCL INFO threadThresholds 8/8/64 | 24/8/64 | 512 | 512
node1:4119:4137 [0] NCCL INFO 1 coll channels, 0 collnet channels, 0 nvls channels, 1 p2p channels, 1 p2p channels per peer
node1:4119:4137 [0] NCCL INFO comm 0x164e9c60 rank 1 nranks 3 cudaDev 0 nvmlDev 0 busId 80 commId 0xa7530d65f76fbd07 - Init COMPLETE
rank 1/3 ok val=3.0 (expect 3)
node1:4119:4139 [0] NCCL INFO [Service thread] Connection closed by localRank 0
node1:4119:4148 [0] NCCL INFO comm 0x164e9c60 rank 1 nranks 3 cudaDev 0 busId 80 - Abort COMPLETE
