node2:4706:4706 [0] NCCL INFO cudaDriverVersion 13000
node2:4706:4706 [0] NCCL INFO NCCL_SOCKET_IFNAME set to eth0
node2:4706:4706 [0] NCCL INFO Bootstrap : Using eth0:172.30.0.12<0>
node2:4706:4706 [0] NCCL INFO NET/Plugin : dlerror=libnccl-net.so: cannot open shared object file: No such file or directory No plugin found (libnccl-net.so), using internal implementation
node2:4706:4726 [0] NCCL INFO NCCL_IB_HCA set to rxe0

node2:4706:4726 [0] transport/net_ib.cc:115 NCCL WARN Could not find real path of rxe0 (/sys/class/infiniband/rxe0/device)
node2:4706:4726 [0] NCCL INFO NET/IB : Using [0]rxe0:1/RoCE [RO]; OOB eth0:172.30.0.12<0>
node2:4706:4726 [0] NCCL INFO Using non-device net plugin version 0
node2:4706:4726 [0] NCCL INFO Using network IB
node2:4706:4726 [0] NCCL INFO comm 0x20ba1da0 rank 2 nranks 3 cudaDev 0 nvmlDev 0 busId 80 commId 0x1f82f8f6b7863cd3 - Init START
node2:4706:4726 [0] NCCL INFO Topology detection : could not read /sys/devices/pci0000:00/0000:00:08.0/../max_link_speed, ignoring
node2:4706:4726 [0] NCCL INFO Topology detection : could not read /sys/devices/pci0000:00/0000:00:08.0/../max_link_width, ignoring
node2:4706:4726 [0] NCCL INFO Topology detection : could not read /sys/devices/system/node/node-1/cpumap, ignoring
node2:4706:4726 [0] NCCL INFO NET/IB : GPU Direct RDMA Disabled for HCA 0 'rxe0'
node2:4706:4726 [0] NCCL INFO === System : maxBw 0.3 totalBw 12.0 ===
node2:4706:4726 [0] NCCL INFO CPU/FFFFFFFFFFFFFFFF (1/1/1)
node2:4706:4726 [0] NCCL INFO + PCI[5000.0] - NIC/0
node2:4706:4726 [0] NCCL INFO                 + NET[0.3] - NET/0 (182dd3feff3e16f8/1/0.312500)
node2:4706:4726 [0] NCCL INFO + PCI[12.0] - GPU/80 (2)
node2:4706:4726 [0] NCCL INFO ==========================================
node2:4706:4726 [0] NCCL INFO GPU/80 :GPU/80 (0/5000.000000/LOC) CPU/FFFFFFFFFFFFFFFF (1/12.000000/PHB) NET/0 (3/0.312500/PHB) 
node2:4706:4726 [0] NCCL INFO NET/0 :GPU/80 (3/0.312500/PHB) CPU/FFFFFFFFFFFFFFFF (2/0.312500/PHB) NET/0 (0/5000.000000/LOC) 
node2:4706:4726 [0] NCCL INFO Pattern 4, crossNic 0, nChannels 1, bw 0.240000/0.240000, type LOC/PHB, sameChannels 1
node2:4706:4726 [0] NCCL INFO  0 : NET/0 GPU/2 NET/0
node2:4706:4726 [0] NCCL INFO Pattern 3, crossNic 0, nChannels 1, bw 1.200000/0.240000, type LOC/PHB, sameChannels 1
node2:4706:4726 [0] NCCL INFO  0 : NET/0 GPU/2 NET/0
node2:4706:4726 [0] NCCL INFO comm 0x20ba1da0 rank 2 nRanks 3 nNodes 3 localRanks 1 localRank 0 MNNVL 0
node2:4706:4726 [0] NCCL INFO Tree 0 : 0 -> 2 -> 1/-1/-1
node2:4706:4726 [0] NCCL INFO Tree 1 : 0 -> 2 -> -1/-1/-1
node2:4706:4726 [0] NCCL INFO Ring 00 : 1 -> 2 -> 0
node2:4706:4726 [0] NCCL INFO Trees [0] 1/-1/-1->2->0
node2:4706:4726 [0] NCCL INFO P2P Chunksize set to 131072
node2:4706:4728 [0] NCCL INFO New proxy recv connection 0 from local rank 0, transport 2
node2:4706:4726 [0] NCCL INFO Connected to proxy localRank 0 -> connection 0x763f20004f40
node2:4706:4726 [0] NCCL INFO Channel 00/0 : 1[0] -> 2[0] [receive] via NET/IB/0
node2:4706:4728 [0] NCCL INFO New proxy send connection 1 from local rank 0, transport 2
node2:4706:4726 [0] NCCL INFO Connected to proxy localRank 0 -> connection 0x763f20004fb8
node2:4706:4726 [0] NCCL INFO Channel 00/0 : 2[0] -> 0[0] [send] via NET/IB/0
node2:4706:4728 [0] NCCL INFO Call to ibv_query_ece failed with error Operation not supported errno 95
node2:4706:4728 [0] NCCL INFO NET/IB: NCCL Dev 0 IbDev 0 Port 1 qpn 39 mtu 3 query_ece={supported=0, vendor_id=0x0, options=0x0, comp_mask=0x0} GID 1 (0/C001EACFFFF0000) fifoRkey=0x68c2 fifoLkey=0x68c2
node2:4706:4728 [0] NCCL INFO NET/IB: IbDev 0 Port 1 qpn 35 set_ece={supported=0, vendor_id=0x7357, options=0x0, comp_mask=0x0}
node2:4706:4726 [0] NCCL INFO Connected all rings
node2:4706:4728 [0] NCCL INFO New proxy recv connection 2 from local rank 0, transport 2
node2:4706:4726 [0] NCCL INFO Connected to proxy localRank 0 -> connection 0x763f20005030
node2:4706:4726 [0] NCCL INFO Channel 00/0 : 0[0] -> 2[0] [receive] via NET/IB/0
node2:4706:4728 [0] NCCL INFO New proxy send connection 3 from local rank 0, transport 2
node2:4706:4726 [0] NCCL INFO Connected to proxy localRank 0 -> connection 0x763f200050a8
node2:4706:4726 [0] NCCL INFO Channel 00/0 : 2[0] -> 1[0] [send] via NET/IB/0
node2:4706:4728 [0] NCCL INFO Call to ibv_query_ece failed with error Operation not supported errno 95
node2:4706:4728 [0] NCCL INFO NET/IB: NCCL Dev 0 IbDev 0 Port 1 qpn 41 mtu 3 query_ece={supported=0, vendor_id=0x0, options=0x0, comp_mask=0x0} GID 1 (0/C001EACFFFF0000) fifoRkey=0x72db fifoLkey=0x72db
node2:4706:4728 [0] NCCL INFO Call to ibv_set_ece failed with error Operation not supported errno 95
node2:4706:4728 [0] NCCL INFO NET/IB: IbDev 0 Port 1 qpn 36 set_ece={supported=0, vendor_id=0x76ce, options=0x9c046360, comp_mask=0x76ce}
node2:4706:4726 [0] NCCL INFO Connected all trees
node2:4706:4726 [0] NCCL INFO threadThresholds 8/8/64 | 24/8/64 | 512 | 512
node2:4706:4726 [0] NCCL INFO 1 coll channels, 0 collnet channels, 0 nvls channels, 1 p2p channels, 1 p2p channels per peer
node2:4706:4728 [0] NCCL INFO New proxy send connection 4 from local rank 0, transport 2
node2:4706:4726 [0] NCCL INFO Connected to proxy localRank 0 -> connection 0x763f20005120
node2:4706:4726 [0] NCCL INFO comm 0x20ba1da0 rank 2 nranks 3 cudaDev 0 nvmlDev 0 busId 80 commId 0x1f82f8f6b7863cd3 - Init COMPLETE
rank 2/3 ok val=3.0 (expect 3)
node2:4706:4728 [0] NCCL INFO [Service thread] Connection closed by localRank 0
node2:4706:4734 [0] NCCL INFO comm 0x20ba1da0 rank 2 nranks 3 cudaDev 0 busId 80 - Abort COMPLETE
