node1:4768:4768 [0] NCCL INFO cudaDriverVersion 13000
node1:4768:4768 [0] NCCL INFO NCCL_SOCKET_IFNAME set to eth0
node1:4768:4768 [0] NCCL INFO Bootstrap : Using eth0:172.30.0.11<0>
node1:4768:4768 [0] NCCL INFO NET/Plugin : dlerror=libnccl-net.so: cannot open shared object file: No such file or directory No plugin found (libnccl-net.so), using internal implementation
node1:4768:4788 [0] NCCL INFO NCCL_IB_HCA set to rxe0

node1:4768:4788 [0] transport/net_ib.cc:115 NCCL WARN Could not find real path of rxe0 (/sys/class/infiniband/rxe0/device)
node1:4768:4788 [0] NCCL INFO NET/IB : Using [0]rxe0:1/RoCE [RO]; OOB eth0:172.30.0.11<0>
node1:4768:4788 [0] NCCL INFO Using non-device net plugin version 0
node1:4768:4788 [0] NCCL INFO Using network IB
node1:4768:4788 [0] NCCL INFO comm 0x1549c950 rank 1 nranks 3 cudaDev 0 nvmlDev 0 busId 80 commId 0xfaa2a2b8f05d5e5 - Init START
node1:4768:4788 [0] NCCL INFO Topology detection : could not read /sys/devices/pci0000:00/0000:00:08.0/../max_link_speed, ignoring
node1:4768:4788 [0] NCCL INFO Topology detection : could not read /sys/devices/pci0000:00/0000:00:08.0/../max_link_width, ignoring
node1:4768:4788 [0] NCCL INFO Topology detection : could not read /sys/devices/system/node/node-1/cpumap, ignoring
node1:4768:4788 [0] NCCL INFO NET/IB : GPU Direct RDMA Disabled for HCA 0 'rxe0'
node1:4768:4788 [0] NCCL INFO === System : maxBw 0.3 totalBw 12.0 ===
node1:4768:4788 [0] NCCL INFO CPU/FFFFFFFFFFFFFFFF (1/1/1)
node1:4768:4788 [0] NCCL INFO + PCI[5000.0] - NIC/0
node1:4768:4788 [0] NCCL INFO                 + NET[0.3] - NET/0 (18de1dfeff3e16f8/1/0.312500)
node1:4768:4788 [0] NCCL INFO + PCI[12.0] - GPU/80 (1)
node1:4768:4788 [0] NCCL INFO ==========================================
node1:4768:4788 [0] NCCL INFO GPU/80 :GPU/80 (0/5000.000000/LOC) CPU/FFFFFFFFFFFFFFFF (1/12.000000/PHB) NET/0 (3/0.312500/PHB) 
node1:4768:4788 [0] NCCL INFO NET/0 :GPU/80 (3/0.312500/PHB) CPU/FFFFFFFFFFFFFFFF (2/0.312500/PHB) NET/0 (0/5000.000000/LOC) 
node1:4768:4788 [0] NCCL INFO Pattern 4, crossNic 0, nChannels 1, bw 0.240000/0.240000, type LOC/PHB, sameChannels 1
node1:4768:4788 [0] NCCL INFO  0 : NET/0 GPU/1 NET/0
node1:4768:4788 [0] NCCL INFO Pattern 3, crossNic 0, nChannels 1, bw 1.200000/0.240000, type LOC/PHB, sameChannels 1
node1:4768:4788 [0] NCCL INFO  0 : NET/0 GPU/1 NET/0
node1:4768:4788 [0] NCCL INFO comm 0x1549c950 rank 1 nRanks 3 nNodes 3 localRanks 1 localRank 0 MNNVL 0
node1:4768:4788 [0] NCCL INFO Tree 0 : 2 -> 1 -> -1/-1/-1
node1:4768:4788 [0] NCCL INFO Tree 1 : -1 -> 1 -> 0/-1/-1
node1:4768:4788 [0] NCCL INFO Ring 00 : 0 -> 1 -> 2
node1:4768:4788 [0] NCCL INFO Trees [0] -1/-1/-1->1->2
node1:4768:4788 [0] NCCL INFO P2P Chunksize set to 131072
node1:4768:4790 [0] NCCL INFO New proxy recv connection 0 from local rank 0, transport 2
node1:4768:4788 [0] NCCL INFO Connected to proxy localRank 0 -> connection 0x7492c0004f40
node1:4768:4788 [0] NCCL INFO Channel 00/0 : 0[0] -> 1[0] [receive] via NET/IB/0
node1:4768:4790 [0] NCCL INFO New proxy send connection 1 from local rank 0, transport 2
node1:4768:4788 [0] NCCL INFO Connected to proxy localRank 0 -> connection 0x7492c0004fb8
node1:4768:4788 [0] NCCL INFO Channel 00/0 : 1[0] -> 2[0] [send] via NET/IB/0
node1:4768:4790 [0] NCCL INFO Call to ibv_query_ece failed with error Operation not supported errno 95
node1:4768:4790 [0] NCCL INFO NET/IB: NCCL Dev 0 IbDev 0 Port 1 qpn 37 mtu 3 query_ece={supported=0, vendor_id=0x0, options=0x0, comp_mask=0x0} GID 1 (0/B001EACFFFF0000) fifoRkey=0x5e16 fifoLkey=0x5e16
node1:4768:4790 [0] NCCL INFO NET/IB: IbDev 0 Port 1 qpn 44 set_ece={supported=0, vendor_id=0x7426, options=0x0, comp_mask=0x0}
node1:4768:4788 [0] NCCL INFO Connected all rings
node1:4768:4790 [0] NCCL INFO New proxy recv connection 2 from local rank 0, transport 2
node1:4768:4788 [0] NCCL INFO Connected to proxy localRank 0 -> connection 0x7492c0005030
node1:4768:4788 [0] NCCL INFO Channel 00/0 : 2[0] -> 1[0] [receive] via NET/IB/0
node1:4768:4788 [0] NCCL INFO Connected all trees
node1:4768:4788 [0] NCCL INFO threadThresholds 8/8/64 | 24/8/64 | 512 | 512
node1:4768:4788 [0] NCCL INFO 1 coll channels, 0 collnet channels, 0 nvls channels, 1 p2p channels, 1 p2p channels per peer
node1:4768:4790 [0] NCCL INFO New proxy send connection 3 from local rank 0, transport 2
node1:4768:4788 [0] NCCL INFO Connected to proxy localRank 0 -> connection 0x7492c00050a8
node1:4768:4788 [0] NCCL INFO comm 0x1549c950 rank 1 nranks 3 cudaDev 0 nvmlDev 0 busId 80 commId 0xfaa2a2b8f05d5e5 - Init COMPLETE
rank 1/3 ok val=3.0 (expect 3)
node1:4768:4790 [0] NCCL INFO [Service thread] Connection closed by localRank 0
node1:4768:4796 [0] NCCL INFO comm 0x1549c950 rank 1 nranks 3 cudaDev 0 busId 80 - Abort COMPLETE
